0 info it worked if it ends with ok
1 verbose cli [ '/home/travis/.nvm/versions/node/v6.11.0/bin/node',
1 verbose cli   '/home/travis/.nvm/versions/node/v6.11.0/bin/npm',
1 verbose cli   'run',
1 verbose cli   'build' ]
2 info using npm@3.10.10
3 info using node@v6.11.0
4 verbose run-script [ 'prebuild', 'build', 'postbuild' ]
5 info lifecycle etpinard.github.io@1.0.0~prebuild: etpinard.github.io@1.0.0
6 silly lifecycle etpinard.github.io@1.0.0~prebuild: no script for prebuild, continuing
7 info lifecycle etpinard.github.io@1.0.0~build: etpinard.github.io@1.0.0
8 verbose lifecycle etpinard.github.io@1.0.0~build: unsafe-perm in lifecycle true
9 verbose lifecycle etpinard.github.io@1.0.0~build: PATH: /home/travis/.nvm/versions/node/v6.11.0/lib/node_modules/npm/bin/node-gyp-bin:/home/travis/build/etpinard/etpinard.github.io/node_modules/.bin:/home/travis/.rvm/gems/ruby-1.9.3-p551/bin:/home/travis/.rvm/gems/ruby-1.9.3-p551@global/bin:/home/travis/.rvm/rubies/ruby-1.9.3-p551/bin:/home/travis/.rvm/bin:/home/travis/.nvm/versions/node/v6.11.0/bin:/home/travis/bin:/home/travis/.local/bin:/usr/local/phantomjs/bin:./node_modules/.bin:/usr/local/maven-3.2.5/bin:/usr/local/clang-3.4/bin:/home/travis/.gimme/versions/go1.4.1.linux.amd64/bin:/usr/local/sbin:/usr/local/bin:/usr/sbin:/usr/bin:/sbin:/bin
10 verbose lifecycle etpinard.github.io@1.0.0~build: CWD: /home/travis/build/etpinard/etpinard.github.io
11 silly lifecycle etpinard.github.io@1.0.0~build: Args: [ '-c',
11 silly lifecycle   'npm run build:img && npm run build:css && npm run build:js' ]
12 silly lifecycle etpinard.github.io@1.0.0~build: Returned: code: 1  signal: null
13 info lifecycle etpinard.github.io@1.0.0~build: Failed to exec build script
14 verbose stack Error: etpinard.github.io@1.0.0 build: `npm run build:img && npm run build:css && npm run build:js`
14 verbose stack Exit status 1
14 verbose stack     at EventEmitter.<anonymous> (/home/travis/.nvm/versions/node/v6.11.0/lib/node_modules/npm/lib/utils/lifecycle.js:255:16)
14 verbose stack     at emitTwo (events.js:106:13)
14 verbose stack     at EventEmitter.emit (events.js:191:7)
14 verbose stack     at ChildProcess.<anonymous> (/home/travis/.nvm/versions/node/v6.11.0/lib/node_modules/npm/lib/utils/spawn.js:40:14)
14 verbose stack     at emitTwo (events.js:106:13)
14 verbose stack     at ChildProcess.emit (events.js:191:7)
14 verbose stack     at maybeClose (internal/child_process.js:891:16)
14 verbose stack     at Process.ChildProcess._handle.onexit (internal/child_process.js:226:5)
15 verbose pkgid etpinard.github.io@1.0.0
16 verbose cwd /home/travis/build/etpinard/etpinard.github.io
17 error Linux 4.8.12-040812-generic
18 error argv "/home/travis/.nvm/versions/node/v6.11.0/bin/node" "/home/travis/.nvm/versions/node/v6.11.0/bin/npm" "run" "build"
19 error node v6.11.0
20 error npm  v3.10.10
21 error code ELIFECYCLE
22 error etpinard.github.io@1.0.0 build: `npm run build:img && npm run build:css && npm run build:js`
22 error Exit status 1
23 error Failed at the etpinard.github.io@1.0.0 build script 'npm run build:img && npm run build:css && npm run build:js'.
23 error Make sure you have the latest version of node.js and npm installed.
23 error If you do, this is most likely a problem with the etpinard.github.io package,
23 error not with npm itself.
23 error Tell the author that this fails on your system:
23 error     npm run build:img && npm run build:css && npm run build:js
23 error You can get information on how to open an issue for this project with:
23 error     npm bugs etpinard.github.io
23 error Or if that isn't available, you can get their info via:
23 error     npm owner ls etpinard.github.io
23 error There is likely additional logging output above.
24 verbose exit [ 1, true ]
